<?xml version="1.0" encoding="UTF-8"?>
<!-- Generated by org.testng.reporters.JUnitReportReporter -->
<testsuite hostname="LAPTOP-B3SQQ4DT" name="my_package.MyTest" tests="2" failures="0" timestamp="10 Oct 2020 09:51:50 GMT" time="18.099" errors="0">
  <testcase name="f" time="9.042" classname="my_package.MyTest"/>
  <testcase name="f" time="9.057" classname="my_package.MyTest"/>
</testsuite> <!-- my_package.MyTest -->
