<?xml version="1.0" encoding="UTF-8"?>
<!-- Generated by org.testng.reporters.JUnitReportReporter -->
<testsuite hostname="LAPTOP-B3SQQ4DT" name="test.SearchItemTest" tests="4" failures="0" timestamp="19 Nov 2020 13:22:56 GMT" time="38.351" errors="0">
  <testcase name="test" time="8.859" classname="test.SearchItemTest"/>
  <testcase name="test" time="9.000" classname="test.SearchItemTest"/>
  <testcase name="test" time="10.397" classname="test.SearchItemTest"/>
  <testcase name="test" time="10.095" classname="test.SearchItemTest"/>
</testsuite> <!-- test.SearchItemTest -->
