<?xml version="1.0" encoding="UTF-8"?>
<!-- Generated by org.testng.reporters.JUnitReportReporter -->
<testsuite hostname="LAPTOP-B3SQQ4DT" name="test.AmazonSearchItem" tests="4" failures="0" timestamp="18 Oct 2020 19:29:37 GMT" time="39.174" errors="0">
  <testcase name="test" time="9.602" classname="test.AmazonSearchItem"/>
  <testcase name="test" time="9.794" classname="test.AmazonSearchItem"/>
  <testcase name="test" time="10.205" classname="test.AmazonSearchItem"/>
  <testcase name="test" time="9.573" classname="test.AmazonSearchItem"/>
</testsuite> <!-- test.AmazonSearchItem -->
